<?xml version="1.0" encoding="UTF-8"?>
<!-- Generated by org.testng.reporters.JUnitXMLReporter -->
<testsuite hostname="DESKTOP-QQUJ7MA" ignored="0" name="Default test" tests="6" failures="0" timestamp="22 Oct 2020 05:22:44 GMT" time="64.533" errors="0">
  <testcase name="checkCourses" time="0.314" classname="com.jbk.dashboard.DashboardTesting"/>
  <testcase name="checkSubCourses" time="0.115" classname="com.jbk.dashboard.DashboardTesting"/>
  <testcase name="buttonIsClickable" time="0.275" classname="com.jbk.dashboard.DashboardTesting"/>
  <testcase name="verifyMoreInfoWithWindowsHandles" time="9.568" classname="com.jbk.dashboard.DashboardTesting"/>
  <testcase name="logoutButtonWorking" time="0.732" classname="com.jbk.dashboard.DashboardTesting"/>
  <testcase name="checkDashboardUrl" time="0.009" classname="com.jbk.dashboard.DashboardTesting"/>
</testsuite> <!-- Default test -->
